<?xml version="1.0" encoding="UTF-8"?>
<!-- Generated by org.testng.reporters.JUnitReportReporter -->
<testsuite hostname="DESKTOP-8104O1D" failures="0" tests="1" name="WikiTests1" time="7.466" errors="0" timestamp="2022-05-18T09:47:24 ART" skipped="0">
  <testcase classname="WikiTests1" name="ValidarBusquedaWikipedia" time="7.466"/>
  <system-out/>
</testsuite> <!-- WikiTests1 -->
