<?xml version="1.0" encoding="UTF-8"?>
<!-- Generated by org.testng.reporters.JUnitReportReporter -->
<testsuite hostname="DESKTOP-8104O1D" failures="0" tests="1" name="DespegarTests33" time="41.276" errors="0" timestamp="2022-06-12T20:13:51 ART" skipped="0">
  <testcase classname="DespegarTests33" name="ValidarBusquedaWikipedia" time="41.276"/>
  <system-out/>
</testsuite> <!-- DespegarTests33 -->
