<?xml version="1.0" encoding="UTF-8"?>
<!-- Generated by org.testng.reporters.JUnitReportReporter -->
<testsuite hostname="DESKTOP-8104O1D" failures="0" tests="1" name="WikiTests2" time="9.819" errors="0" timestamp="2022-05-22T20:03:20 ART" skipped="0">
  <testcase classname="WikiTests2" name="ValidarBusquedaWikipedia" time="9.819"/>
  <system-out/>
</testsuite> <!-- WikiTests2 -->
