<?xml version="1.0" encoding="UTF-8"?>
<!-- Generated by org.testng.reporters.JUnitReportReporter -->
<testsuite hostname="DESKTOP-8104O1D" failures="0" tests="1" name="WikiTests2" time="15.549" errors="0" timestamp="2022-06-04T21:05:59 ART" skipped="0">
  <testcase classname="WikiTests2" name="ValidarBusquedaWikipedia" time="15.549"/>
  <system-out>
    <![CDATA[Abro Browser]]>
  </system-out>
</testsuite> <!-- WikiTests2 -->
