<?xml version="1.0" encoding="UTF-8"?>
<!-- Generated by org.testng.reporters.JUnitReportReporter -->
<testsuite hostname="DESKTOP-8104O1D" failures="0" tests="1" name="DespegarTests3" time="57.576" errors="0" timestamp="2022-06-02T22:49:36 ART" skipped="0">
  <testcase classname="DespegarTests3" name="ValidarBusquedaWikipedia" time="57.576"/>
  <system-out/>
</testsuite> <!-- DespegarTests3 -->
