<?xml version="1.0" encoding="UTF-8"?>
<!-- Generated by org.testng.reporters.JUnitReportReporter -->
<testsuite hostname="DESKTOP-8104O1D" failures="0" tests="1" name="WikiTests11" time="7.657" errors="0" timestamp="2022-06-05T23:01:07 ART" skipped="0">
  <testcase classname="WikiTests11" name="ValidarBusquedaWikipedia" time="7.657"/>
  <system-out>
    <![CDATA[Abro Browser]]>
  </system-out>
</testsuite> <!-- WikiTests11 -->
