<?xml version="1.0" encoding="UTF-8"?>
<!-- Generated by org.testng.reporters.JUnitReportReporter -->
<testsuite hostname="DESKTOP-8104O1D" failures="0" tests="3" name="com.selenium.test.WikiTests11" time="34.366" errors="0" timestamp="2022-06-13T10:17:45 ART" skipped="0">
  <testcase classname="com.selenium.test.WikiTests11" name="ValidarBusquedaWikipedia" time="14.764"/>
  <system-out>
    <![CDATA[Abro Browser]]>
  </system-out>
  <testcase classname="com.selenium.test.WikiTests11" name="ValidarBusquedaWikipedia" time="10.197"/>
  <system-out>
    <![CDATA[Abro Browser]]>
  </system-out>
  <testcase classname="com.selenium.test.WikiTests11" name="ValidarBusquedaWikipedia" time="9.405"/>
  <system-out>
    <![CDATA[Abro Browser]]>
  </system-out>
</testsuite> <!-- com.selenium.test.WikiTests11 -->
