<?xml version="1.0" encoding="UTF-8"?>
<!-- Generated by org.testng.reporters.JUnitReportReporter -->
<testsuite hostname="DESKTOP-8104O1D" failures="0" tests="1" name="WikiTests22" time="10.133" errors="0" timestamp="2022-06-07T14:02:27 ART" skipped="0">
  <testcase classname="WikiTests22" name="ValidarBusquedaWikipedia" time="10.133"/>
  <system-out>
    <![CDATA[Abro Browser]]>
  </system-out>
</testsuite> <!-- WikiTests22 -->
