<?xml version="1.0" encoding="UTF-8"?>
<!-- Generated by org.testng.reporters.JUnitReportReporter -->
<testsuite hostname="DESKTOP-8104O1D" failures="0" tests="1" name="com.selenium.test.WikiTests22" time="9.308" errors="0" timestamp="2022-06-13T10:17:45 ART" skipped="0">
  <testcase classname="com.selenium.test.WikiTests22" name="ValidarBusquedaWikipedia" time="9.308"/>
  <system-out>
    <![CDATA[Abro Browser]]>
  </system-out>
</testsuite> <!-- com.selenium.test.WikiTests22 -->
