<?xml version="1.0" encoding="UTF-8"?>
<!-- Generated by org.testng.reporters.JUnitReportReporter -->
<testsuite hostname="DESKTOP-8104O1D" failures="0" tests="1" name="WikiTests1" time="13.337" errors="0" timestamp="2022-06-12T19:35:34 ART" skipped="0">
  <testcase classname="WikiTests1" name="ValidarBusquedaWikipedia" time="13.337"/>
  <system-out>
    <![CDATA[Abro Browser]]>
  </system-out>
</testsuite> <!-- WikiTests1 -->
