<?xml version="1.0" encoding="UTF-8"?>
<!-- Generated by org.testng.reporters.JUnitReportReporter -->
<testsuite hostname="DESKTOP-8104O1D" failures="0" tests="1" name="DespegarTests3" time="46.039" errors="0" timestamp="2022-06-08T20:23:33 ART" skipped="0">
  <testcase classname="DespegarTests3" name="ValidarBusquedaWikipedia" time="46.039"/>
  <system-out>
    <![CDATA[Abro Browser]]>
  </system-out>
</testsuite> <!-- DespegarTests3 -->
